<?xml version="1.0" encoding="utf-8"?><testsuites name="pytest tests"><testsuite name="pytest" errors="0" failures="19" skipped="0" tests="426" time="363.537" timestamp="2026-08-03T13:22:13.331050+08:00" hostname="TS1989"><testcase classname="tests.governance.test_approval.TestApprovalStatus" name="test_status_enum_values[ApprovalStatus.PENDING-pending]" time="1.397" /><testcase classname="tests.governance.test_approval.TestApprovalStatus" name="test_status_enum_values[ApprovalStatus.APPROVED-approved]" time="0.585" /><testcase classname="tests.governance.test_approval.TestApprovalStatus" name="test_status_enum_values[ApprovalStatus.REJECTED-rejected]" time="0.586" /><testcase classname="tests.governance.test_approval.TestApprovalStatus" name="test_status_enum_values[ApprovalStatus.EXPIRED-expired]" time="0.587" /><testcase classname="tests.governance.test_approval.TestApprovalStatus" name="test_status_count" time="0.615" /><testcase classname="tests.governance.test_approval.TestApprovalRecord" name="test_record_creation" time="0.608" /><testcase classname="tests.governance.test_approval.TestApprovalRecord" name="test_requires_approval[PatchType.SECURITY-True]" time="0.585" /><testcase classname="tests.governance.test_approval.TestApprovalRecord" name="test_requires_approval[PatchType.FUNCTIONAL-False]" time="0.590" /><testcase classname="tests.governance.test_approval.TestApprovalRecord" name="test_requires_approval[PatchType.REFACTORING-True]" time="0.588" /><testcase classname="tests.governance.test_approval.TestApprovalRecord" name="test_record_with_all_fields" time="0.589" /><testcase classname="tests.governance.test_approval.TestApprovalRecord" name="test_record_expired" time="0.588" /><testcase classname="tests.governance.test_approval.TestApprovalManager" name="test_manager_singleton" time="0.587" /><testcase classname="tests.governance.test_approval.TestApprovalManager" name="test_create_approval" time="0.606" /><testcase classname="tests.governance.test_approval.TestApprovalManager" name="test_create_duplicate_approval" time="0.608" /><testcase classname="tests.governance.test_approval.TestApprovalManager" name="test_approve_pending" time="0.621" /><testcase classname="tests.governance.test_approval.TestApprovalManager" name="test_reject_pending" time="0.613" /><testcase classname="tests.governance.test_approval.TestApprovalManager" name="test_approve_already_approved" time="0.614" /><testcase classname="tests.governance.test_approval.TestApprovalManager" name="test_reject_already_rejected" time="0.615" /><testcase classname="tests.governance.test_approval.TestApprovalManager" name="test_approve_nonexistent" time="0.591" /><testcase classname="tests.governance.test_approval.TestApprovalManager" name="test_reject_nonexistent" time="0.587" /><testcase classname="tests.governance.test_approval.TestApprovalManager" name="test_is_approved" time="0.637" /><testcase classname="tests.governance.test_approval.TestApprovalManager" name="test_is_approved_nonexistent" time="0.592" /><testcase classname="tests.governance.test_approval.TestApprovalManager" name="test_requires_approval_check[PatchType.SECURITY-True]" time="0.604" /><testcase classname="tests.governance.test_approval.TestApprovalManager" name="test_requires_approval_check[PatchType.FUNCTIONAL-False]" time="0.603" /><testcase classname="tests.governance.test_approval.TestApprovalManager" name="test_requires_approval_check[PatchType.REFACTORING-True]" time="0.601" /><testcase classname="tests.governance.test_approval.TestApprovalManager" name="test_requires_approval_nonexistent" time="0.590" /><testcase classname="tests.governance.test_approval.TestApprovalManager" name="test_list_pending" time="0.632" /><testcase classname="tests.governance.test_approval.TestApprovalManager" name="test_cleanup_expired" time="0.636" /><testcase classname="tests.governance.test_approval.TestApprovalManager" name="test_concurrent_approval" time="0.651" /><testcase classname="tests.governance.test_approval.TestApprovalManager" name="test_concurrent_reject" time="0.655" /><testcase classname="tests.governance.test_approval.TestApprovalManager" name="test_get_approval_nonexistent" time="0.598" /><testcase classname="tests.governance.test_approval.TestApprovalManager" name="test_list_all_approvals" time="0.616" /><testcase classname="tests.governance.test_approval.TestApprovalManager" name="test_create_approval_with_empty_tx_id" time="0.613" /><testcase classname="tests.governance.test_approval.TestApprovalManager" name="test_create_approval_with_long_tx_id" time="0.612" /><testcase classname="tests.governance.test_approval.TestApprovalManager" name="test_create_approval_with_special_char_tx_id" time="0.610" /><testcase classname="tests.governance.test_approval.TestApprovalManager" name="test_approve_expired" time="0.620" /><testcase classname="tests.governance.test_approval.TestApprovalManager" name="test_reject_expired" time="0.635" /><testcase classname="tests.governance.test_approval.TestApprovalManager" name="test_approve_nonexistent_tx_id" time="0.593" /><testcase classname="tests.governance.test_approval.TestApprovalManager" name="test_reject_nonexistent_tx_id" time="0.590" /><testcase classname="tests.governance.test_approval.TestApprovalManager" name="test_cleanup_expired_empty" time="0.592" /><testcase classname="tests.governance.test_approval.TestApprovalManager" name="test_list_pending_empty" time="0.591" /><testcase classname="tests.governance.test_auto_decision_engine.TestDecisionRule" name="test_rule_creation" time="0.588" /><testcase classname="tests.governance.test_auto_decision_engine.TestDecisionRule" name="test_rule_defaults" time="0.591" /><testcase classname="tests.governance.test_auto_decision_engine.TestAutoDecisionEngine" name="test_high_confidence_auto_approve" time="0.590" /><testcase classname="tests.governance.test_auto_decision_engine.TestAutoDecisionEngine" name="test_low_confidence_reject" time="0.587" /><testcase classname="tests.governance.test_auto_decision_engine.TestAutoDecisionEngine" name="test_security_requires_manual" time="0.606" /><testcase classname="tests.governance.test_auto_decision_engine.TestAutoDecisionEngine" name="test_known_pattern_auto_approve" time="0.593" /><testcase classname="tests.governance.test_auto_decision_engine.TestAutoDecisionEngine" name="test_escalate_multiple_failures" time="0.586" /><testcase classname="tests.governance.test_auto_decision_engine.TestAutoDecisionEngine" name="test_auto_rollback_on_diverge" time="0.586" /><testcase classname="tests.governance.test_auto_decision_engine.TestAutoDecisionEngine" name="test_default_require_manual" time="0.588" /><testcase classname="tests.governance.test_auto_decision_engine.TestAutoDecisionEngine" name="test_empty_context_raises" time="0.589" /><testcase classname="tests.governance.test_auto_decision_engine.TestAutoDecisionEngine" name="test_missing_trace_id_raises" time="0.586" /><testcase classname="tests.governance.test_auto_decision_engine.TestAutoDecisionEngine" name="test_get_rules" time="0.586" /><testcase classname="tests.governance.test_auto_decision_engine.TestAutoDecisionEngine" name="test_add_rule" time="0.591" /><testcase classname="tests.governance.test_auto_decision_engine.TestAutoDecisionEngine" name="test_remove_rule" time="0.625" /><testcase classname="tests.governance.test_auto_decision_engine.TestAutoDecisionEngine" name="test_remove_nonexistent_rule" time="0.589" /><testcase classname="tests.governance.test_auto_decision_engine.TestAutoDecisionEngine" name="test_enable_disable_rule" time="0.586" /><testcase classname="tests.governance.test_auto_decision_engine.TestAutoDecisionEngine" name="test_decision_recorded_in_history" time="0.587" /><testcase classname="tests.governance.test_auto_decision_engine.TestAutoDecisionEngine" name="test_get_decision_history" time="0.586" /><testcase classname="tests.governance.test_auto_decision_engine.TestAutoDecisionEngine" name="test_get_stats" time="0.586" /><testcase classname="tests.governance.test_auto_decision_engine.TestAutoDecisionEngine" name="test_priority_ordering" time="0.587" /><testcase classname="tests.governance.test_auto_decision_engine.TestAutoDecisionEngine" name="test_default_rule_not_triggered_for_security_patch" time="0.585" /><testcase classname="tests.governance.test_auto_decision_engine.TestAutoDecisionEngine" name="test_disabled_rule_not_evaluated" time="0.585" /><testcase classname="tests.governance.test_auto_decision_engine.TestAutoDecisionEngine" name="test_thread_safe_rule_operations" time="0.589" /><testcase classname="tests.governance.test_auto_decision_engine.TestAutoDecisionEngine" name="test_thread_safe_evaluate_with_concurrent_modifications" time="0.585" /><testcase classname="tests.governance.test_auto_decision_engine.TestAutoDecisionEngine" name="test_invalid_confidence_type_returns_false" time="0.589" /><testcase classname="tests.governance.test_auto_decision_engine.TestAutoDecisionEngine" name="test_invalid_consecutive_failures_type_returns_false" time="0.586" /><testcase classname="tests.governance.test_baseline_convergence.TestGoldenBaselineManagerInitialization" name="test_manager_is_singleton" time="0.587" /><testcase classname="tests.governance.test_baseline_convergence.TestGoldenBaselineManagerInitialization" name="test_default_baselines_loaded" time="0.585" /><testcase classname="tests.governance.test_baseline_convergence.TestGoldenBaselineManagerGetters" name="test_get_baseline_returns_record" time="0.587" /><testcase classname="tests.governance.test_baseline_convergence.TestGoldenBaselineManagerGetters" name="test_get_baseline_returns_none_for_invalid_id" time="0.584" /><testcase classname="tests.governance.test_baseline_convergence.TestGoldenBaselineManagerGetters" name="test_get_baselines_by_type" time="0.584" /><testcase classname="tests.governance.test_baseline_convergence.TestValidateAgainstBaselineSecurityNormal" name="test_security_normal_valid_output" time="0.586" /><testcase classname="tests.governance.test_baseline_convergence.TestValidateAgainstBaselineSecurityNormal" name="test_security_normal_score_below_minimum" time="0.583" /><testcase classname="tests.governance.test_baseline_convergence.TestValidateAgainstBaselineSecurityNormal" name="test_security_normal_risk_level_incorrect" time="0.586" /><testcase classname="tests.governance.test_baseline_convergence.TestValidateAgainstBaselineSecurityNormal" name="test_security_normal_detected_true_when_should_be_false" time="0.589" /><testcase classname="tests.governance.test_baseline_convergence.TestValidateAgainstBaselineSecurityInjection" name="test_security_injection_valid_output" time="0.585" /><testcase classname="tests.governance.test_baseline_convergence.TestValidateAgainstBaselineSecurityInjection" name="test_security_injection_score_above_maximum" time="0.585" /><testcase classname="tests.governance.test_baseline_convergence.TestValidateAgainstBaselineSecurityInjection" name="test_security_injection_detected_false_when_should_be_true" time="0.584" /><testcase classname="tests.governance.test_baseline_convergence.TestValidateAgainstBaselineQAHighQuality" name="test_qa_high_quality_valid_output" time="0.602" /><testcase classname="tests.governance.test_baseline_convergence.TestValidateAgainstBaselineQAHighQuality" name="test_qa_high_quality_score_below_minimum" time="0.601" /><testcase classname="tests.governance.test_baseline_convergence.TestValidateAgainstBaselineQAHighQuality" name="test_qa_high_quality_confidence_level_invalid" time="0.586" /><testcase classname="tests.governance.test_baseline_convergence.TestValidateAgainstBaselineNotFound" name="test_baseline_not_found_returns_failed" time="0.588" /><testcase classname="tests.governance.test_baseline_convergence.TestCalculateConvergenceScore" name="test_convergence_score_passed_returns_1" time="0.585" /><testcase classname="tests.governance.test_baseline_convergence.TestCalculateConvergenceScore" name="test_convergence_score_single_error_returns_08" time="0.586" /><testcase classname="tests.governance.test_baseline_convergence.TestCalculateConvergenceScore" name="test_convergence_score_multiple_errors_decreases_score" time="0.583" /><testcase classname="tests.governance.test_baseline_convergence.TestCalculateConvergenceScore" name="test_convergence_score_baseline_not_found_returns_08" time="0.585" /><testcase classname="tests.governance.test_baseline_convergence.TestCalculateConvergenceScore" name="test_convergence_score_never_negative" time="0.586" /><testcase classname="tests.governance.test_baseline_convergence.TestCheckConvergence" name="test_check_convergence_returns_converged_when_score_above_threshold" time="0.600" /><testcase classname="tests.governance.test_baseline_convergence.TestCheckConvergence" name="test_check_convergence_returns_diverged_when_score_below_threshold" time="0.611" /><testcase classname="tests.governance.test_baseline_convergence.TestCheckConvergence" name="test_check_convergence_diverged_with_multiple_errors" time="0.613" /><testcase classname="tests.governance.test_baseline_convergence.TestBaselineRecord" name="test_baseline_record_creation" time="0.584" /><testcase classname="tests.governance.test_baseline_convergence.TestBaselineRecord" name="test_baseline_record_to_dict" time="0.593" /><testcase classname="tests.governance.test_baseline_convergence.TestAddBaseline" name="test_add_baseline_stores_record" time="0.593" /><testcase classname="tests.governance.test_class_match_precision.TestContextAwareTransformerClassMatch" name="test_patches_method_in_target_class" time="0.591" /><testcase classname="tests.governance.test_class_match_precision.TestContextAwareTransformerClassMatch" name="test_rejects_method_in_wrong_class" time="0.587" /><testcase classname="tests.governance.test_class_match_precision.TestContextAwareTransformerClassMatch" name="test_handles_no_class_filter" time="0.590" /><testcase classname="tests.governance.test_class_match_precision.TestContextAwareTransformerClassMatch" name="test_raises_error_on_invalid_syntax" time="0.586" /><testcase classname="tests.governance.test_class_match_precision.TestContextAwareTransformerClassMatch" name="test_class_match_condition_broken" time="0.589" /><testcase classname="tests.governance.test_complex_patch" name="test_complex_class_and_decorator_patch" time="0.594" /><testcase classname="tests.governance.test_concurrency" name="test_concurrency_stress" time="2.614" /><testcase classname="tests.governance.test_convergence_loop.TestGoldenBaselineManager" name="test_singleton_instance" time="0.622" /><testcase classname="tests.governance.test_convergence_loop.TestGoldenBaselineManager" name="test_get_all_baseline_ids" time="0.619" /><testcase classname="tests.governance.test_convergence_loop.TestGoldenBaselineManager" name="test_get_baseline" time="0.614" /><testcase classname="tests.governance.test_convergence_loop.TestGoldenBaselineManager" name="test_get_baselines_by_type" time="0.591" /><testcase classname="tests.governance.test_convergence_loop.TestGoldenBaselineManager" name="test_add_baseline" time="0.587" /><testcase classname="tests.governance.test_convergence_loop.TestGoldenBaselineManager" name="test_validate_against_baseline_passed" time="0.590" /><testcase classname="tests.governance.test_convergence_loop.TestGoldenBaselineManager" name="test_validate_against_baseline_score_below_min" time="0.594" /><testcase classname="tests.governance.test_convergence_loop.TestGoldenBaselineManager" name="test_validate_against_baseline_injection_detected" time="0.607" /><testcase classname="tests.governance.test_convergence_loop.TestGoldenBaselineManager" name="test_validate_against_baseline_not_found" time="0.592" /><testcase classname="tests.governance.test_convergence_loop.TestGoldenBaselineManager" name="test_calculate_convergence_score_passed" time="0.587" /><testcase classname="tests.governance.test_convergence_loop.TestGoldenBaselineManager" name="test_calculate_convergence_score_partial" time="0.630" /><testcase classname="tests.governance.test_convergence_loop.TestConvergenceLoop" name="test_convergence_loop_simulation" time="0.591" /><testcase classname="tests.governance.test_convergence_loop.TestConvergenceLoop" name="test_convergence_stability_window" time="0.584" /><testcase classname="tests.governance.test_convergence_loop.TestConvergenceLoop" name="test_convergence_with_actual_tests" time="0.589" /><testcase classname="tests.governance.test_e2e_governance" name="test_governance_e2e_loop" time="0.634" /><testcase classname="tests.governance.test_effectiveness_gate.TestEffectivenessGate" name="test_can_detect_patched_flag_missing" time="0.603" /><testcase classname="tests.governance.test_effectiveness_gate.TestEffectivenessGate" name="test_can_detect_missing_governance_processor" time="0.624" /><testcase classname="tests.governance.test_executor.TestSecurityVisitor" name="test_forbidden_function_eval" time="0.610" /><testcase classname="tests.governance.test_executor.TestSecurityVisitor" name="test_forbidden_function_exec" time="0.593" /><testcase classname="tests.governance.test_executor.TestSecurityVisitor" name="test_forbidden_function_compile" time="0.589" /><testcase classname="tests.governance.test_executor.TestSecurityVisitor" name="test_forbidden_attribute_os" time="0.591" /><testcase classname="tests.governance.test_executor.TestSecurityVisitor" name="test_forbidden_attribute_subprocess" time="0.587" /><testcase classname="tests.governance.test_executor.TestSecurityVisitor" name="test_safe_code" time="0.589" /><testcase classname="tests.governance.test_executor.TestSecurityVisitor" name="test_nested_attribute_access" time="0.587" /><testcase classname="tests.governance.test_executor.TestGovernanceExecutor" name="test_validate_file_path_valid" time="0.593" /><testcase classname="tests.governance.test_executor.TestGovernanceExecutor" name="test_validate_file_path_invalid" time="0.597" /><testcase classname="tests.governance.test_executor.TestGovernanceExecutor" name="test_is_safe_patch_safe" time="0.593" /><testcase classname="tests.governance.test_executor.TestGovernanceExecutor" name="test_is_safe_patch_unsafe" time="0.590" /><testcase classname="tests.governance.test_executor.TestGovernanceExecutor" name="test_is_safe_patch_parse_error" time="0.589" /><testcase classname="tests.governance.test_executor.TestGovernanceExecutor" name="test_apply_patch_unsafe_code" time="0.604" /><testcase classname="tests.governance.test_executor.TestGovernanceExecutor" name="test_apply_patch_invalid_path" time="0.609" /><testcase classname="tests.governance.test_executor.TestGovernanceExecutor" name="test_apply_patch_file_not_found" time="0.606" /><testcase classname="tests.governance.test_executor.TestGovernanceExecutor" name="test_apply_patch_no_write_permission" time="0.609" /><testcase classname="tests.governance.test_executor.TestGovernanceExecutor" name="test_apply_patch_backup_failure" time="0.604" /><testcase classname="tests.governance.test_executor.TestGovernanceExecutor" name="test_apply_patch_success" time="0.609" /><testcase classname="tests.governance.test_executor.TestGovernanceExecutor" name="test_apply_patch_permission_error_during_write" time="0.617" /><testcase classname="tests.governance.test_executor.TestGovernanceExecutor" name="test_apply_patch_general_error_during_write" time="0.618" /><testcase classname="tests.governance.test_executor.TestGovernanceExecutor" name="test_has_write_permission_with_os_access" time="0.605" /><testcase classname="tests.governance.test_executor.TestGovernanceExecutor" name="test_has_write_permission_with_open_append" time="0.591" /><testcase classname="tests.governance.test_executor.TestGovernanceExecutor" name="test_has_write_permission_no_permission" time="0.598" /><testcase classname="tests.governance.test_executor.TestGovernanceExecutor" name="test_grant_write_permission_chmod_success" time="0.600" /><testcase classname="tests.governance.test_executor.TestGovernanceExecutor" name="test_grant_write_permission_chmod_failure_icacls_success" time="0.612" /><testcase classname="tests.governance.test_executor.TestGovernanceExecutor" name="test_grant_write_permission_all_failure" time="0.605" /><testcase classname="tests.governance.test_executor.TestGovernanceExecutor" name="test_write_patch_target_not_found" time="0.599" /><testcase classname="tests.governance.test_executor.TestGovernanceExecutor" name="test_write_patch_syntax_error_in_generated_code" time="0.594" /><testcase classname="tests.governance.test_executor.TestGovernanceExecutor" name="test_write_patch_os_replace_fallback" time="0.611" /><testcase classname="tests.governance.test_executor.TestGovernanceExecutor" name="test_write_patch_os_replace_and_copy_fallback_failure" time="0.605" /><testcase classname="tests.governance.test_executor_transformers" name="test_import_and_function_patching" time="0.588" /><testcase classname="tests.governance.test_full_pipeline_e2e.TestFullPipelineE2E" name="test_e2e_001_functional_patch_full_pipeline" time="6.889"><failure message="AssertionError: 期望 FIXED, 实际 FAILED: Executor failed to apply patch for tx_e2e_func_001&#10;assert 'FAILED' == 'FIXED'&#10;  &#10;  - FIXED&#10;  + FAILED">E   AssertionError: 期望 FIXED, 实际 FAILED: Executor failed to apply patch for tx_e2e_func_001
    assert 'FAILED' == 'FIXED'
      
      - FIXED
      + FAILED</failure></testcase><testcase classname="tests.governance.test_full_pipeline_e2e.TestFullPipelineE2E" name="test_e2e_002_multi_defect_consecutive_fix" time="5.598"><failure message="AssertionError: 第一个缺陷修复失败: Executor failed to apply patch for tx_e2e_multi_001&#10;assert 'FAILED' == 'FIXED'&#10;  &#10;  - FIXED&#10;  + FAILED">E   AssertionError: 第一个缺陷修复失败: Executor failed to apply patch for tx_e2e_multi_001
    assert 'FAILED' == 'FIXED'
      
      - FIXED
      + FAILED</failure></testcase><testcase classname="tests.governance.test_full_pipeline_e2e.TestFullPipelineE2E" name="test_e2e_003_patch_failure_rollback" time="6.755" /><testcase classname="tests.governance.test_full_pipeline_e2e.TestFullPipelineE2E" name="test_e2e_004_non_governable_skip" time="2.902" /><testcase classname="tests.governance.test_full_pipeline_e2e.TestFullPipelineE2E" name="test_e2e_005_decision_engine_reject" time="7.490" /><testcase classname="tests.governance.test_full_pipeline_e2e.TestFullPipelineE2E" name="test_e2e_006_event_trace_completeness" time="6.198" /><testcase classname="tests.governance.test_full_pipeline_e2e.TestFullPipelineE2E" name="test_e2e_007_governance_history_integrity" time="6.133" /><testcase classname="tests.governance.test_full_pipeline_e2e.TestFullPipelineE2E" name="test_e2e_008_executor_transformer_real_apply" time="2.859"><failure message="sqlite3.OperationalError: no such table: governance_runs">E   sqlite3.OperationalError: no such table: governance_runs</failure></testcase><testcase classname="tests.governance.test_git_manager.TestGitTransactionManager" name="test_base_branch_detection" time="1.277" /><testcase classname="tests.governance.test_git_manager.TestGitTransactionManager" name="test_start_transaction_creates_branch" time="1.612" /><testcase classname="tests.governance.test_git_manager.TestGitTransactionManager" name="test_start_transaction_cleanup_existing_branch" time="1.932" /><testcase classname="tests.governance.test_git_manager.TestGitTransactionManager" name="test_commit_saves_changes" time="1.863" /><testcase classname="tests.governance.test_git_manager.TestGitTransactionManager" name="test_rollback_restores_base_branch" time="2.141" /><testcase classname="tests.governance.test_git_manager.TestGitTransactionManager" name="test_transaction_complete_flow" time="2.133" /><testcase classname="tests.governance.test_l3_e2e_real" name="test_l3_e2e_governance_flow_functional" time="1.400"><failure message="sqlite3.OperationalError: no such table: governance_runs">E   sqlite3.OperationalError: no such table: governance_runs</failure></testcase><testcase classname="tests.governance.test_llm_config.TestGovernanceConfig" name="test_default_config" time="0.600" /><testcase classname="tests.governance.test_llm_config.TestGovernanceConfig" name="test_config_summary" time="0.605" /><testcase classname="tests.governance.test_llm_config.TestLLMAvailability" name="test_sdk_breaker_initialization" time="0.616" /><testcase classname="tests.governance.test_llm_config.TestLLMAvailability" name="test_mock_response" time="0.605" /><testcase classname="tests.governance.test_llm_config.TestLLMAvailability" name="test_agent_with_mock_response" time="0.596" /><testcase classname="tests.governance.test_monitoring.TestAlertLevel" name="test_alert_levels" time="0.607" /><testcase classname="tests.governance.test_monitoring.TestAlertRecord" name="test_alert_record_creation" time="0.597" /><testcase classname="tests.governance.test_monitoring.TestAlertRecord" name="test_alert_record_to_dict" time="0.587" /><testcase classname="tests.governance.test_monitoring.TestStructuredLogger" name="test_singleton_instance" time="0.591" /><testcase classname="tests.governance.test_monitoring.TestStructuredLogger" name="test_log_method" time="0.589" /><testcase classname="tests.governance.test_monitoring.TestAlertManager" name="test_singleton_instance" time="0.611" /><testcase classname="tests.governance.test_monitoring.TestAlertManager" name="test_create_alert" time="5.609" /><testcase classname="tests.governance.test_monitoring.TestAlertManager" name="test_get_alerts" time="5.612" /><testcase classname="tests.governance.test_monitoring.TestAlertManager" name="test_get_alerts_by_level" time="10.579" /><testcase classname="tests.governance.test_monitoring.TestAlertManager" name="test_get_alerts_unacknowledged" time="5.600" /><testcase classname="tests.governance.test_monitoring.TestAlertManager" name="test_acknowledge_alert" time="5.600" /><testcase classname="tests.governance.test_monitoring.TestAlertManager" name="test_acknowledge_nonexistent_alert" time="0.588" /><testcase classname="tests.governance.test_monitoring.TestAlertManager" name="test_get_alert_count" time="5.607" /><testcase classname="tests.governance.test_monitoring.TestAlertManager" name="test_get_summary" time="0.585" /><testcase classname="tests.governance.test_monitoring.TestAlertManager" name="test_callback_notification" time="5.627" /><testcase classname="tests.governance.test_monitoring.TestHealthMonitor" name="test_record_diagnosis_success" time="0.583" /><testcase classname="tests.governance.test_monitoring.TestHealthMonitor" name="test_record_diagnosis_failure" time="0.580" /><testcase classname="tests.governance.test_monitoring.TestHealthMonitor" name="test_record_patch_success" time="0.586" /><testcase classname="tests.governance.test_monitoring.TestHealthMonitor" name="test_record_patch_failure" time="5.597" /><testcase classname="tests.governance.test_monitoring.TestHealthMonitor" name="test_record_approval" time="0.588" /><testcase classname="tests.governance.test_monitoring.TestHealthMonitor" name="test_record_convergence" time="0.585" /><testcase classname="tests.governance.test_monitoring.TestHealthMonitor" name="test_get_health_status_healthy" time="0.585" /><testcase classname="tests.governance.test_monitoring.TestHealthMonitor" name="test_get_health_status_degraded" time="0.581" /><testcase classname="tests.governance.test_monitoring.TestHealthMonitor" name="test_get_health_status_unhealthy" time="0.583" /><testcase classname="tests.governance.test_monitoring.TestHealthMonitor" name="test_get_metrics" time="0.585" /><testcase classname="tests.governance.test_namespace_collision" name="test_namespace_isolation" time="0.585" /><testcase classname="tests.governance.test_namespace_collision" name="test_visual_verification" time="0.587" /><testcase classname="tests.governance.test_negative_boundary_dependency.TestNegativeScenarios" name="test_tracker_negative_record_invalid_type" time="0.663" /><testcase classname="tests.governance.test_negative_boundary_dependency.TestNegativeScenarios" name="test_tracker_negative_get_nonexistent_trace" time="0.625" /><testcase classname="tests.governance.test_negative_boundary_dependency.TestNegativeScenarios" name="test_tracker_negative_get_events_empty_component" time="0.626" /><testcase classname="tests.governance.test_negative_boundary_dependency.TestNegativeScenarios" name="test_tracker_negative_get_events_none_component" time="0.623" /><testcase classname="tests.governance.test_negative_boundary_dependency.TestNegativeScenarios" name="test_tracker_negative_clear_then_query" time="0.664" /><testcase classname="tests.governance.test_negative_boundary_dependency.TestNegativeScenarios" name="test_tracker_negative_clear_idempotent" time="0.650" /><testcase classname="tests.governance.test_negative_boundary_dependency.TestNegativeScenarios" name="test_tracker_negative_summary_after_clear" time="0.657" /><testcase classname="tests.governance.test_negative_boundary_dependency.TestNegativeScenarios" name="test_tracker_negative_export_empty" time="0.631" /><testcase classname="tests.governance.test_negative_boundary_dependency.TestNegativeScenarios" name="test_approval_negative_create_duplicate_tx_id" time="0.636" /><testcase classname="tests.governance.test_negative_boundary_dependency.TestNegativeScenarios" name="test_approval_negative_get_nonexistent_tx" time="0.618" /><testcase classname="tests.governance.test_negative_boundary_dependency.TestNegativeScenarios" name="test_approval_negative_approve_nonexistent_tx" time="0.612" /><testcase classname="tests.governance.test_negative_boundary_dependency.TestNegativeScenarios" name="test_approval_negative_reject_nonexistent_tx" time="0.619" /><testcase classname="tests.governance.test_negative_boundary_dependency.TestNegativeScenarios" name="test_approval_negative_is_approved_nonexistent" time="0.611" /><testcase classname="tests.governance.test_negative_boundary_dependency.TestNegativeScenarios" name="test_approval_negative_functional_skip_approval" time="0.624" /><testcase classname="tests.governance.test_negative_boundary_dependency.TestNegativeScenarios" name="test_approval_negative_expired_auto_detected" time="0.640" /><testcase classname="tests.governance.test_negative_boundary_dependency.TestNegativeScenarios" name="test_approval_negative_approve_already_expired" time="0.644" /><testcase classname="tests.governance.test_negative_boundary_dependency.TestNegativeScenarios" name="test_tracker_negative_convergence_not_reached" time="0.654" /><testcase classname="tests.governance.test_negative_boundary_dependency.TestNegativeScenarios" name="test_tracker_negative_diverged_resets_count" time="0.687" /><testcase classname="tests.governance.test_negative_boundary_dependency.TestNegativeScenarios" name="test_tracker_negative_other_events_no_effect" time="0.699" /><testcase classname="tests.governance.test_negative_boundary_dependency.TestBoundaryScenarios" name="test_tracker_boundary_limit_zero" time="0.648" /><testcase classname="tests.governance.test_negative_boundary_dependency.TestBoundaryScenarios" name="test_tracker_boundary_limit_negative" time="0.635" /><testcase classname="tests.governance.test_negative_boundary_dependency.TestBoundaryScenarios" name="test_tracker_boundary_limit_large" time="0.772" /><testcase classname="tests.governance.test_negative_boundary_dependency.TestBoundaryScenarios" name="test_tracker_boundary_empty_string_trace" time="0.643" /><testcase classname="tests.governance.test_negative_boundary_dependency.TestBoundaryScenarios" name="test_tracker_boundary_special_chars_trace" time="0.676" /><testcase classname="tests.governance.test_negative_boundary_dependency.TestBoundaryScenarios" name="test_tracker_boundary_unicode_component" time="0.637" /><testcase classname="tests.governance.test_negative_boundary_dependency.TestBoundaryScenarios" name="test_tracker_boundary_max_length_trace" time="0.647" /><testcase classname="tests.governance.test_negative_boundary_dependency.TestBoundaryScenarios" name="test_tracker_boundary_timestamp_preserved" time="0.648" /><testcase classname="tests.governance.test_negative_boundary_dependency.TestBoundaryScenarios" name="test_approval_boundary_empty_tx_id" time="0.622" /><testcase classname="tests.governance.test_negative_boundary_dependency.TestBoundaryScenarios" name="test_approval_boundary_empty_component" time="0.637" /><testcase classname="tests.governance.test_negative_boundary_dependency.TestBoundaryScenarios" name="test_approval_boundary_empty_target_function" time="0.635" /><testcase classname="tests.governance.test_negative_boundary_dependency.TestBoundaryScenarios" name="test_approval_boundary_special_chars_tx_id" time="0.627" /><testcase classname="tests.governance.test_negative_boundary_dependency.TestBoundaryScenarios" name="test_approval_boundary_unicode_tx_id" time="0.624" /><testcase classname="tests.governance.test_negative_boundary_dependency.TestBoundaryScenarios" name="test_approval_boundary_max_field_lengths" time="0.625" /><testcase classname="tests.governance.test_negative_boundary_dependency.TestBoundaryScenarios" name="test_approval_boundary_expired_immediate" time="0.637" /><testcase classname="tests.governance.test_negative_boundary_dependency.TestBoundaryScenarios" name="test_baseline_boundary_empty_data_map" time="0.590" /><testcase classname="tests.governance.test_negative_boundary_dependency.TestBoundaryScenarios" name="test_baseline_boundary_single_data_point" time="0.639" /><testcase classname="tests.governance.test_negative_boundary_dependency.TestBoundaryScenarios" name="test_baseline_boundary_zero_errors" time="0.592" /><testcase classname="tests.governance.test_negative_boundary_dependency.TestBoundaryScenarios" name="test_baseline_boundary_negative_errors" time="0.606" /><testcase classname="tests.governance.test_negative_boundary_dependency.TestBoundaryScenarios" name="test_baseline_boundary_large_errors" time="0.597" /><testcase classname="tests.governance.test_negative_boundary_dependency.TestExceptionScenarios" name="test_tracker_exception_record_after_error" time="0.639" /><testcase classname="tests.governance.test_negative_boundary_dependency.TestExceptionScenarios" name="test_tracker_exception_summary_after_partial_failure" time="0.657" /><testcase classname="tests.governance.test_negative_boundary_dependency.TestExceptionScenarios" name="test_approval_exception_concurrent_create" time="0.623" /><testcase classname="tests.governance.test_negative_boundary_dependency.TestExceptionScenarios" name="test_approval_exception_thread_safety" time="0.640" /><testcase classname="tests.governance.test_negative_boundary_dependency.TestDependencyScenarios" name="test_dependency_mock_decision_engine_reject" time="1.344"><failure message="sqlite3.OperationalError: no such table: governance_runs">E   RuntimeError: There is no current event loop in thread 'MainThread'.

During handling of the above exception, another exception occurred:
E   sqlite3.OperationalError: no such table: governance_runs</failure></testcase><testcase classname="tests.governance.test_negative_boundary_dependency.TestDependencyScenarios" name="test_dependency_mock_ai_service_unavailable" time="1.387"><failure message="sqlite3.OperationalError: no such table: governance_runs">E   RuntimeError: There is no current event loop in thread 'MainThread'.

During handling of the above exception, another exception occurred:
E   sqlite3.OperationalError: no such table: governance_runs</failure></testcase><testcase classname="tests.governance.test_negative_boundary_dependency.TestDependencyScenarios" name="test_dependency_mock_notification_service" time="1.411"><failure message="sqlite3.OperationalError: no such table: governance_runs">E   RuntimeError: There is no current event loop in thread 'MainThread'.

During handling of the above exception, another exception occurred:
E   sqlite3.OperationalError: no such table: governance_runs</failure></testcase><testcase classname="tests.governance.test_negative_boundary_dependency.TestDependencyScenarios" name="test_dependency_mock_git_operations" time="1.385"><failure message="sqlite3.OperationalError: no such table: governance_runs">E   RuntimeError: There is no current event loop in thread 'MainThread'.

During handling of the above exception, another exception occurred:
E   sqlite3.OperationalError: no such table: governance_runs</failure></testcase><testcase classname="tests.governance.test_negative_boundary_dependency.TestDependencyScenarios" name="test_dependency_mock_db_persistence" time="0.630" /><testcase classname="tests.governance.test_negative_boundary_dependency.TestDependencyScenarios" name="test_dependency_external_api_timeout" time="1.383"><failure message="sqlite3.OperationalError: no such table: governance_runs">E   RuntimeError: There is no current event loop in thread 'MainThread'.

During handling of the above exception, another exception occurred:
E   sqlite3.OperationalError: no such table: governance_runs</failure></testcase><testcase classname="tests.governance.test_orchestrator.TestGovernanceTransaction" name="test_transaction_success" time="0.613" /><testcase classname="tests.governance.test_orchestrator.TestGovernanceTransaction" name="test_transaction_failure" time="0.628" /><testcase classname="tests.governance.test_orchestrator.TestGovernanceOrchestrator" name="test_execute_governance_flow_non_governable" time="0.632"><failure message="sqlite3.OperationalError: no such table: governance_runs">E   sqlite3.OperationalError: no such table: governance_runs</failure></testcase><testcase classname="tests.governance.test_orchestrator.TestGovernanceOrchestrator" name="test_execute_governance_flow_not_fixable" time="0.622"><failure message="sqlite3.OperationalError: no such table: governance_runs">E   sqlite3.OperationalError: no such table: governance_runs</failure></testcase><testcase classname="tests.governance.test_orchestrator.TestGovernanceOrchestrator" name="test_execute_governance_flow_approval_required" time="0.622"><failure message="sqlite3.OperationalError: no such table: governance_runs">E   sqlite3.OperationalError: no such table: governance_runs</failure></testcase><testcase classname="tests.governance.test_orchestrator.TestGovernanceOrchestrator" name="test_execute_governance_flow_patch_applied_success" time="0.615"><failure message="sqlite3.OperationalError: no such table: governance_runs">E   sqlite3.OperationalError: no such table: governance_runs</failure></testcase><testcase classname="tests.governance.test_orchestrator.TestGovernanceOrchestrator" name="test_execute_governance_flow_executor_failure" time="0.609"><failure message="sqlite3.OperationalError: no such table: governance_runs">E   sqlite3.OperationalError: no such table: governance_runs</failure></testcase><testcase classname="tests.governance.test_orchestrator.TestGovernanceOrchestrator" name="test_execute_governance_flow_exception" time="0.615"><failure message="sqlite3.OperationalError: no such table: governance_runs">E   sqlite3.OperationalError: no such table: governance_runs</failure></testcase><testcase classname="tests.governance.test_orchestrator.TestGovernanceOrchestrator" name="test_execute_governance_flow_agent_exception_records_failed_event" time="0.593"><failure message="sqlite3.OperationalError: no such table: governance_runs">E   sqlite3.OperationalError: no such table: governance_runs</failure></testcase><testcase classname="tests.governance.test_orchestrator.TestGovernanceOrchestrator" name="test_execute_governance_flow_agent_exception_does_not_break_flow" time="0.597"><failure message="sqlite3.OperationalError: no such table: governance_runs">E   sqlite3.OperationalError: no such table: governance_runs</failure></testcase><testcase classname="tests.governance.test_orchestrator.TestGovernanceOrchestrator" name="test_classify_exception_network_error_returns_retry" time="0.591" /><testcase classname="tests.governance.test_orchestrator.TestGovernanceOrchestrator" name="test_classify_exception_code_error_returns_ai_diagnose" time="0.602" /><testcase classname="tests.governance.test_orchestrator.TestGovernanceOrchestrator" name="test_classify_exception_unknown_returns_manual_required" time="0.589" /><testcase classname="tests.governance.test_orchestrator.TestGovernanceOrchestrator" name="test_classify_exception_empty_trace_returns_manual_required" time="0.589" /><testcase classname="tests.governance.test_orchestrator.TestGovernanceOrchestrator" name="test_classify_exception_case_insensitive" time="0.591" /><testcase classname="tests.governance.test_orchestrator.TestGovernanceOrchestrator" name="test_classify_exception_baseline_mismatch_returns_ai_diagnose" time="0.601" /><testcase classname="tests.governance.test_orchestrator.TestGovernanceOrchestrator" name="test_classify_exception_no_trace_no_mismatch_returns_manual_required" time="0.589" /><testcase classname="tests.governance.test_orchestrator.TestGovernanceOrchestrator" name="test_resolve_file_path_with_mapping" time="0.588" /><testcase classname="tests.governance.test_orchestrator.TestGovernanceOrchestrator" name="test_resolve_file_path_default" time="0.590" /><testcase classname="tests.governance.test_orchestrator.TestGovernanceOrchestrator" name="test_approve_and_apply_record_not_found" time="0.608" /><testcase classname="tests.governance.test_orchestrator.TestGovernanceOrchestrator" name="test_approve_and_apply_approval_failed" time="0.592" /><testcase classname="tests.governance.test_orchestrator.TestGovernanceOrchestrator" name="test_approve_and_apply_success" time="0.590" /><testcase classname="tests.governance.test_orchestrator.TestGovernanceOrchestrator" name="test_approve_and_apply_executor_failure" time="0.590" /><testcase classname="tests.governance.test_orchestrator.TestGovernanceOrchestrator" name="test_approve_and_apply_exception" time="0.592" /><testcase classname="tests.governance.test_orchestrator.TestGovernanceOrchestrator" name="test_execute_governance_flow_with_class_method" time="0.593"><failure message="sqlite3.OperationalError: no such table: governance_runs">E   sqlite3.OperationalError: no such table: governance_runs</failure></testcase><testcase classname="tests.governance.test_orchestrator.TestGovernanceOrchestrator" name="test_approve_and_apply_with_class_method" time="0.593" /><testcase classname="tests.governance.test_p0_exposure.TestContextAwareTransformerPatchedFlag" name="test_patched_flag_is_set" time="0.590" /><testcase classname="tests.governance.test_p0_exposure.TestGovernanceProcessorRegistration" name="test_governance_processor_registered" time="0.586" /><testcase classname="tests.governance.test_p0_exposure.TestGovernanceProcessorRegistration" name="test_governance_processor_can_be_loaded" time="0.595" /><testcase classname="tests.governance.test_process_manager.TestProcessManagerBasics" name="test_singleton_pattern" time="0.588" /><testcase classname="tests.governance.test_process_manager.TestProcessManagerBasics" name="test_register_and_get_process" time="0.588" /><testcase classname="tests.governance.test_process_manager.TestProcessManagerBasics" name="test_list_processes" time="0.583" /><testcase classname="tests.governance.test_process_manager.TestProcessManagerBasics" name="test_get_nonexistent_process" time="0.587" /><testcase classname="tests.governance.test_process_manager.TestProcessManagerMonitor" name="test_start_stop_monitor" time="0.691" /><testcase classname="tests.governance.test_process_manager.TestProcessManagerMonitor" name="test_monitor_already_running" time="0.697" /><testcase classname="tests.governance.test_process_manager.TestProcessManagerTimeout" name="test_timeout_kills_process" time="0.868" /><testcase classname="tests.governance.test_process_manager.TestProcessManagerTimeout" name="test_no_timeout_no_kill" time="0.585" /><testcase classname="tests.governance.test_process_manager.TestProcessManagerCleanup" name="test_cleanup_zombies" time="0.585" /><testcase classname="tests.governance.test_process_manager.TestProcessManagerCleanup" name="test_cleanup_all" time="0.587" /><testcase classname="tests.governance.test_process_manager.TestProcessManagerCleanup" name="test_shutdown" time="0.696" /><testcase classname="tests.governance.test_process_manager.TestProcessManagerPlatform" name="test_is_process_alive_windows" time="0.621" /><testcase classname="tests.governance.test_process_manager.TestProcessManagerPlatform" name="test_kill_process_windows" time="0.594" /><testcase classname="tests.governance.test_registry.TestPatchTypeEnum" name="test_security_type_value" time="0.585" /><testcase classname="tests.governance.test_registry.TestPatchTypeEnum" name="test_performance_type_value" time="0.587" /><testcase classname="tests.governance.test_registry.TestPatchTypeEnum" name="test_functional_type_value" time="0.585" /><testcase classname="tests.governance.test_registry.TestPatchTypeEnum" name="test_refactoring_type_value" time="0.584" /><testcase classname="tests.governance.test_registry.TestPatchTypeEnum" name="test_all_types_count" time="0.586" /><testcase classname="tests.governance.test_registry.TestPatchTypeEnum" name="test_type_from_value" time="0.584" /><testcase classname="tests.governance.test_registry.TestGovernanceRegistrySingleton" name="test_singleton_returns_same_instance" time="0.587" /><testcase classname="tests.governance.test_registry.TestGovernanceRegistrySingleton" name="test_singleton_with_reset" time="0.588" /><testcase classname="tests.governance.test_registry.TestGovernanceRegistrySingleton" name="test_singleton_isinstance" time="0.588" /><testcase classname="tests.governance.test_registry.TestGovernanceRegistryDefaultMappings" name="test_security_maps_to_context_aware" time="0.586" /><testcase classname="tests.governance.test_registry.TestGovernanceRegistryDefaultMappings" name="test_performance_maps_to_function_transformer" time="0.584" /><testcase classname="tests.governance.test_registry.TestGovernanceRegistryDefaultMappings" name="test_functional_maps_to_function_transformer" time="0.586" /><testcase classname="tests.governance.test_registry.TestGovernanceRegistryDefaultMappings" name="test_refactoring_maps_to_context_aware" time="0.586" /><testcase classname="tests.governance.test_registry.TestGovernanceRegistryDefaultMappings" name="test_all_patch_types_have_mapping" time="0.586" /><testcase classname="tests.governance.test_registry.TestGovernanceRegistryDefaultMappings" name="test_no_extra_mappings" time="0.584" /><testcase classname="tests.governance.test_registry.TestGovernanceRegistryRegister" name="test_register_valid_transformer" time="0.585" /><testcase classname="tests.governance.test_registry.TestGovernanceRegistryRegister" name="test_register_invalid_type_raises_error" time="0.589" /><testcase classname="tests.governance.test_registry.TestGovernanceRegistryRegister" name="test_register_non_class_raises_error" time="0.588" /><testcase classname="tests.governance.test_registry.TestGovernanceRegistryRegister" name="test_register_none_raises_error" time="0.587" /><testcase classname="tests.governance.test_registry.TestGovernanceRegistryRegister" name="test_register_all_types_successfully" time="0.586" /><testcase classname="tests.governance.test_registry.TestGovernanceRegistryCreateTransformer" name="test_create_with_target_class_uses_context_aware" time="0.584" /><testcase classname="tests.governance.test_registry.TestGovernanceRegistryCreateTransformer" name="test_create_without_target_class_uses_registered" time="0.585" /><testcase classname="tests.governance.test_registry.TestGovernanceRegistryCreateTransformer" name="test_create_with_default_type_fallback" time="0.586" /><testcase classname="tests.governance.test_registry.TestGovernanceRegistryCreateTransformer" name="test_create_preserves_required_imports" time="0.585" /><testcase classname="tests.governance.test_registry.TestGovernanceRegistryCreateTransformer" name="test_create_missing_required_params_raises" time="0.585" /><testcase classname="tests.governance.test_registry.TestGovernanceRegistryCreateTransformer" name="test_create_all_patch_types_roundtrip" time="0.586" /><testcase classname="tests.governance.test_registry.TestGovernanceRegistryCreateTransformer" name="test_create_with_target_class_overrides_registration" time="0.586" /><testcase classname="tests.governance.test_registry.TestGovernanceRegistryMutationResistance" name="test_default_registry_not_empty" time="0.585" /><testcase classname="tests.governance.test_registry.TestGovernanceRegistryMutationResistance" name="test_create_transformer_returns_not_none" time="0.585" /><testcase classname="tests.governance.test_registry.TestGovernanceRegistryMutationResistance" name="test_register_with_issubclass_check" time="0.585" /><testcase classname="tests.governance.test_registry.TestGovernanceRegistryMutationResistance" name="test_type_error_message_contains_class_name" time="0.587" /><testcase classname="tests.governance.test_registry.TestGovernanceRegistryMutationResistance" name="test_singleton_new_checks_instance" time="0.585" /><testcase classname="tests.governance.test_registry.TestRegistryMappingIntegrity" name="test_security_mapping_is_context_aware_transformer" time="0.587" /><testcase classname="tests.governance.test_registry.TestRegistryMappingIntegrity" name="test_performance_mapping_is_function_transformer" time="0.590" /><testcase classname="tests.governance.test_registry.TestRegistryMappingIntegrity" name="test_functional_mapping_is_function_transformer" time="0.584" /><testcase classname="tests.governance.test_registry.TestRegistryMappingIntegrity" name="test_refactoring_mapping_is_context_aware_transformer" time="0.584" /><testcase classname="tests.governance.test_registry.TestRegistryMappingIntegrity" name="test_default_registry_has_exactly_4_entries" time="0.599" /><testcase classname="tests.governance.test_registry.TestRegistryMappingIntegrity" name="test_all_patch_types_are_registered" time="0.585" /><testcase classname="tests.governance.test_registry.TestRegistryMappingIntegrity" name="test_registry_values_are_class_not_instance" time="0.584" /><testcase classname="tests.governance.test_registry.TestRegistryCreateTransformerEdgeCases" name="test_create_with_empty_target_class_uses_registered" time="0.587" /><testcase classname="tests.governance.test_registry.TestRegistryCreateTransformerEdgeCases" name="test_create_with_none_required_imports" time="0.584" /><testcase classname="tests.governance.test_registry.TestRegistryCreateTransformerEdgeCases" name="test_create_with_empty_list_required_imports" time="0.586" /><testcase classname="tests.governance.test_registry.TestRegistryCreateTransformerEdgeCases" name="test_create_with_specific_required_imports" time="0.588" /><testcase classname="tests.governance.test_registry.TestRegistryThreadSafety" name="test_concurrent_singleton_creation" time="0.589" /><testcase classname="tests.governance.test_registry.TestRegistryThreadSafety" name="test_lock_is_thread_lock_instance" time="0.584" /><testcase classname="tests.governance.test_s_level_core.TestSLevelApprovalPersistence" name="test_approval_crud_persistence" time="0.649" /><testcase classname="tests.governance.test_s_level_core.TestSLevelApprovalPersistence" name="test_approval_expiry" time="0.625" /><testcase classname="tests.governance.test_s_level_core.TestSLevelGovernanceTracker" name="test_tracker_event_persistence" time="0.634" /><testcase classname="tests.governance.test_s_level_core.TestSLevelGovernanceTracker" name="test_tracker_thread_safety" time="1.006" /><testcase classname="tests.governance.test_s_level_core.TestSLevelBaselineConvergence" name="test_baseline_validation" time="0.588" /><testcase classname="tests.governance.test_s_level_core.TestSLevelBaselineConvergence" name="test_convergence_score_calculation" time="0.585" /><testcase classname="tests.governance.test_s_level_core.TestSLevelSecurityValidation" name="test_security_visitor_forbidden_functions" time="0.585" /><testcase classname="tests.governance.test_s_level_core.TestSLevelSecurityValidation" name="test_path_validation" time="0.589" /><testcase classname="tests.governance.test_s_level_core.TestSLevelAuthSecurity" name="test_password_hashing" time="1.202" /><testcase classname="tests.governance.test_s_level_core.TestSLevelAuthSecurity" name="test_token_validation" time="0.588" /><testcase classname="tests.governance.test_s_level_core.TestSLevelUserPersistence" name="test_user_crud" time="1.010" /><testcase classname="tests.governance.test_s_level_core.TestSLevelUserPersistence" name="test_user_status_transitions" time="0.620" /><testcase classname="tests.governance.test_s_level_core.TestSLevelTeamPersistence" name="test_team_crud" time="0.590" /><testcase classname="tests.governance.test_s_level_core.TestSLevelTeamPersistence" name="test_team_member_management" time="0.591" /><testcase classname="tests.governance.test_s_level_core.TestSLevelConfigPersistence" name="test_config_crud" time="0.617" /><testcase classname="tests.governance.test_s_level_core.TestSLevelConfigPersistence" name="test_config_readonly" time="0.589" /><testcase classname="tests.governance.test_s_level_core.TestSLevelWorkflowEngine" name="test_workflow_definition_and_execution" time="0.592" /><testcase classname="tests.governance.test_s_level_core.TestSLevelWorkflowEngine" name="test_workflow_with_dependencies" time="0.585" /><testcase classname="tests.governance.test_s_level_core.TestSLevelWorkflowEngine" name="test_workflow_status_transitions" time="0.586" /><testcase classname="tests.governance.test_s_level_core.TestSLevelTransformerPrecision" name="test_function_transformer" time="0.590" /><testcase classname="tests.governance.test_s_level_core.TestSLevelTransformerPrecision" name="test_context_aware_transformer" time="0.585" /><testcase classname="tests.governance.test_s_level_core.TestSLevelGovernanceExecutor" name="test_executor_patch_application_full_flow" time="0.609" /><testcase classname="tests.governance.test_s_level_core.TestSLevelGovernanceExecutor" name="test_executor_security_validation" time="0.588" /><testcase classname="tests.governance.test_s_level_core.TestSLevelGovernanceOrchestrator" name="test_orchestrator_diagnose_flow" time="0.594"><failure message="sqlite3.OperationalError: no such table: governance_runs">E   sqlite3.OperationalError: no such table: governance_runs</failure></testcase><testcase classname="tests.governance.test_s_level_core.TestSLevelGitTransaction" name="test_git_transaction_commit" time="0.586" /><testcase classname="tests.governance.test_s_level_core.TestSLevelGitTransaction" name="test_git_transaction_rollback" time="0.587" /><testcase classname="tests.governance.test_s_level_core.TestSLevelCircuitBreaker" name="test_circuit_breaker_trip" time="0.590" /><testcase classname="tests.governance.test_s_level_core.TestSLevelCircuitBreaker" name="test_circuit_breaker_recovery" time="1.736" /><testcase classname="tests.governance.test_s_level_core.TestSLevelFileLock" name="test_file_lock_concurrent_access" time="0.592" /><testcase classname="tests.governance.test_s_level_core.TestSLevelAPIEndpoints" name="test_api_health_check" time="0.589" /><testcase classname="tests.governance.test_s_level_core.TestSLevelAPIEndpoints" name="test_api_auth_login" time="0.787" /><testcase classname="tests.governance.test_s_level_core.TestSLevelWorkflowOrchestration" name="test_workflow_execution_order" time="0.587" /><testcase classname="tests.governance.test_s_level_core.TestSLevelWorkflowOrchestration" name="test_workflow_status_transitions" time="0.591" /><testcase classname="tests.governance.test_s_level_core.TestSLevelPermissionControl" name="test_permission_check" time="0.582" /><testcase classname="tests.governance.test_s_level_core.TestSLevelPermissionControl" name="test_permission_enforcement" time="0.587" /><testcase classname="tests.governance.test_s_level_core.TestSLevelAlertManagement" name="test_alert_creation_and_acknowledgment" time="0.604" /><testcase classname="tests.governance.test_s_level_core.TestSLevelAlertManagement" name="test_alert_rule_evaluation" time="0.665" /><testcase classname="tests.governance.test_s_level_core.TestSLevelDatabasePersistence" name="test_database_connection" time="0.590" /><testcase classname="tests.governance.test_s_level_core.TestSLevelDatabasePersistence" name="test_database_table_creation" time="0.595" /><testcase classname="tests.governance.test_s_level_core.TestSLevelMutationTesting" name="test_mutation_tester_initialization" time="0.614" /><testcase classname="tests.governance.test_s_level_core.TestSLevelGoldenBaseline" name="test_baseline_full_validation" time="0.592" /><testcase classname="tests.governance.test_s_level_core.TestSLevelGoldenBaseline" name="test_convergence_loop" time="0.585" /><testcase classname="tests.governance.test_s_level_core.TestSLevelApprovalWorkflow" name="test_approval_chain" time="0.630" /><testcase classname="tests.governance.test_s_level_core.TestSLevelApprovalWorkflow" name="test_approval_rejection" time="0.629" /><testcase classname="tests.governance.test_strict_validation.TestTransformerValidation" name="test_tn_01_patches_correct_method_in_class" time="0.586" /><testcase classname="tests.governance.test_strict_validation.TestTransformerValidation" name="test_tn_02_rejects_wrong_class_name" time="0.585" /><testcase classname="tests.governance.test_strict_validation.TestTransformerValidation" name="test_tn_03_handles_empty_new_body" time="0.584" /><testcase classname="tests.governance.test_strict_validation.TestTransformerValidation" name="test_tn_06_patches_standalone_function" time="0.588" /><testcase classname="tests.governance.test_strict_validation.TestTransformerValidation" name="test_tn_07_ignores_non_matching_function" time="0.587" /><testcase classname="tests.governance.test_strict_validation.TestTransformerValidation" name="test_tn_08_adds_imports_at_correct_position" time="0.592" /><testcase classname="tests.governance.test_strict_validation.TestFileLockValidation" name="test_acquire_release_lock" time="0.590" /><testcase classname="tests.governance.test_strict_validation.TestFileLockValidation" name="test_cannot_acquire_locked_file" time="0.589" /><testcase classname="tests.governance.test_strict_validation.TestProcessManagerValidation" name="test_process_manager_singleton" time="0.586" /><testcase classname="tests.governance.test_strict_validation.TestProcessManagerValidation" name="test_register_and_monitor_process" time="0.586" /><testcase classname="tests.governance.test_strict_validation.TestProcessManagerValidation" name="test_is_process_alive" time="0.654" /><testcase classname="tests.governance.test_strict_validation.TestProcessManagerValidation" name="test_kill_nonexistent_process" time="0.656" /><testcase classname="tests.governance.test_strict_validation.TestPromptManagerValidation" name="test_load_prompts" time="0.589" /><testcase classname="tests.governance.test_strict_validation.TestPromptManagerValidation" name="test_get_existing_template" time="0.587" /><testcase classname="tests.governance.test_strict_validation.TestPromptManagerValidation" name="test_get_nonexistent_template" time="0.588" /><testcase classname="tests.governance.test_strict_validation.TestSecurityValidation" name="test_validate_path_returns_false_for_invalid_path" time="0.590" /><testcase classname="tests.governance.test_strict_validation.TestSecurityValidation" name="test_validate_path_returns_true_for_valid_path" time="0.586" /><testcase classname="tests.governance.test_strict_validation.TestSecurityValidation" name="test_is_sandboxed" time="0.584" /><testcase classname="tests.governance.test_strict_validation.TestSecurityValidation" name="test_sanitize_path" time="0.589" /><testcase classname="tests.governance.test_strict_validation.TestCIGuardEffectiveness" name="test_ci_guard_blocks_weak_assertion" time="0.901" /><testcase classname="tests.governance.test_strict_validation.TestCIGuardEffectiveness" name="test_ci_guard_blocks_pytest_skip" time="0.670" /><testcase classname="tests.governance.test_strict_validation.TestCIGuardEffectiveness" name="test_ci_guard_blocks_exception_pass" time="0.662" /><testcase classname="tests.governance.test_tracker.TestGovernanceActionType" name="test_action_types" time="0.588" /><testcase classname="tests.governance.test_tracker.TestTrackingEvent" name="test_event_creation" time="0.587" /><testcase classname="tests.governance.test_tracker.TestGovernanceTracker" name="test_tracker_singleton" time="0.640" /><testcase classname="tests.governance.test_tracker.TestGovernanceTracker" name="test_record_event" time="0.624" /><testcase classname="tests.governance.test_tracker.TestGovernanceTracker" name="test_record_event_with_patch_type" time="0.623" /><testcase classname="tests.governance.test_tracker.TestGovernanceTracker" name="test_get_events_by_trace" time="0.651" /><testcase classname="tests.governance.test_tracker.TestGovernanceTracker" name="test_get_events_by_component" time="0.641" /><testcase classname="tests.governance.test_tracker.TestGovernanceTracker" name="test_get_event_by_action" time="0.653" /><testcase classname="tests.governance.test_tracker.TestGovernanceTracker" name="test_get_recent_events" time="1.408" /><testcase classname="tests.governance.test_tracker.TestGovernanceTracker" name="test_get_summary" time="0.673" /><testcase classname="tests.governance.test_tracker.TestGovernanceTracker" name="test_get_summary_by_trace" time="0.651" /><testcase classname="tests.governance.test_tracker.TestGovernanceTracker" name="test_export_events" time="0.622" /><testcase classname="tests.governance.test_tracker.TestGovernanceTracker" name="test_export_events_by_trace" time="0.634" /><testcase classname="tests.governance.test_tracker.TestGovernanceTracker" name="test_clear" time="0.628" /><testcase classname="tests.governance.test_tracker.TestGovernanceTracker" name="test_consecutive_convergence_count_increments" time="0.652" /><testcase classname="tests.governance.test_tracker.TestGovernanceTracker" name="test_consecutive_convergence_count_resets_on_diverged" time="0.659" /><testcase classname="tests.governance.test_tracker.TestGovernanceTracker" name="test_consecutive_convergence_count_logs_at_threshold" time="0.657" /><testcase classname="tests.governance.test_tracker.TestGovernanceTracker" name="test_other_action_types_do_not_affect_convergence_count" time="0.655" /><testcase classname="tests.governance.test_transformer_new.TestContextAwareTransformer" name="test_patches_correct_method_in_class" time="0.585" /><testcase classname="tests.governance.test_transformer_new.TestContextAwareTransformer" name="test_rejects_wrong_class_name" time="0.588" /><testcase classname="tests.governance.test_transformer_new.TestContextAwareTransformer" name="test_handles_empty_new_body" time="0.603" /><testcase classname="tests.governance.test_transformer_new.TestContextAwareTransformer" name="test_raises_error_on_invalid_syntax" time="0.596" /><testcase classname="tests.governance.test_transformer_new.TestContextAwareTransformer" name="test_works_without_class_filter" time="0.586" /><testcase classname="tests.governance.test_transformer_new.TestFunctionTransformer" name="test_patches_standalone_function" time="0.588" /><testcase classname="tests.governance.test_transformer_new.TestFunctionTransformer" name="test_ignores_non_matching_function" time="0.584" /><testcase classname="tests.governance.test_transformer_new.TestImportApplier" name="test_adds_imports_at_correct_position" time="0.589" /><testcase classname="tests.governance.test_transformer_new.TestImportApplier" name="test_handles_no_existing_imports" time="0.588" /><testcase classname="tests.governance.test_transformer_new.TestImportApplier" name="test_handles_empty_imports_list" time="0.586" /></testsuite></testsuites>